Autotrace Enabled
Shows the execution plan as well as statistics of the statement.

PROJECTNAME                                        TASKNAME                                            COMPLETED
-------------------------------------------------- -------------------------------------------------- ----------
authorise caracks                                  buchite attorned                                            0
authorise caracks                                  bosoms assertable                                           0
authorise caracks                                  baptists caramelizing                                       0
authorise caracks                                  bristliest batsmanship                                      0

Explain Plan
-----------------------------------------------------------

PLAN_TABLE_OUTPUT                                                                                                                                                                                                                                                                                           
------------------------------------------------------------------------------------------------------------------------------------------------------------------------------------------------------------------------------------------------------------------------------------------------------------
Plan hash value: 1855837596
 
--------------------------------------------------------------------------------------------
| Id  | Operation                    | Name        | Rows  | Bytes | Cost (%CPU)| Time     |
--------------------------------------------------------------------------------------------
|   0 | SELECT STATEMENT             |             |     1 |   106 |   136   (0)| 00:00:02 |
|   1 |  NESTED LOOPS                |             |       |       |            |          |
|   2 |   NESTED LOOPS               |             |     1 |   106 |   136   (0)| 00:00:02 |
|*  3 |    TABLE ACCESS FULL         | PROJECTTASK |     1 |    53 |   136   (0)| 00:00:02 |
|*  4 |    INDEX UNIQUE SCAN         | PK_PROJECT  |     1 |       |     0   (0)| 00:00:01 |
|*  5 |   TABLE ACCESS BY INDEX ROWID| PROJECT     |     1 |    53 |     0   (0)| 00:00:01 |

PLAN_TABLE_OUTPUT                                                                                                                                                                                                                                                                                           
------------------------------------------------------------------------------------------------------------------------------------------------------------------------------------------------------------------------------------------------------------------------------------------------------------
--------------------------------------------------------------------------------------------
 
Predicate Information (identified by operation id):
---------------------------------------------------
 
   3 - filter("T"."COMPLETED"=0)
   4 - access("T"."PROJECTID"="P"."PROJECTID")
   5 - filter("P"."OWNERID"=1)

Unable to gather statistics please ensure user has correct access.
The statistic feature requires that the user is granted select on v_$sesstat, v_$statname and v_$session.

TASKNAME                                          
--------------------------------------------------
Nahuatlan Merozoa

Explain Plan
-----------------------------------------------------------

PLAN_TABLE_OUTPUT                                                                                                                                                                                                                                                                                           
------------------------------------------------------------------------------------------------------------------------------------------------------------------------------------------------------------------------------------------------------------------------------------------------------------
Plan hash value: 2459554113
 
----------------------------------------------------------------------------------------------
| Id  | Operation                   | Name           | Rows  | Bytes | Cost (%CPU)| Time     |
----------------------------------------------------------------------------------------------
|   0 | SELECT STATEMENT            |                |     1 |    40 |     1   (0)| 00:00:01 |
|   1 |  TABLE ACCESS BY INDEX ROWID| PROJECTTASK    |     1 |    40 |     1   (0)| 00:00:01 |
|*  2 |   INDEX UNIQUE SCAN         | PK_PROJECTTASK |     1 |       |     1   (0)| 00:00:01 |
----------------------------------------------------------------------------------------------
 
Predicate Information (identified by operation id):

PLAN_TABLE_OUTPUT                                                                                                                                                                                                                                                                                           
------------------------------------------------------------------------------------------------------------------------------------------------------------------------------------------------------------------------------------------------------------------------------------------------------------
---------------------------------------------------
 
   2 - access("T"."PROJECTTASKID"=1)

Unable to gather statistics please ensure user has correct access.
The statistic feature requires that the user is granted select on v_$sesstat, v_$statname and v_$session.

UZIV                                                ERRORLOGS
-------------------------------------------------- ----------
cinnamonic246                                              11

Explain Plan
-----------------------------------------------------------

PLAN_TABLE_OUTPUT                                                                                                                                                                                                                                                                                           
------------------------------------------------------------------------------------------------------------------------------------------------------------------------------------------------------------------------------------------------------------------------------------------------------------
Plan hash value: 2128197234
 
------------------------------------------------------------------------------------------------
| Id  | Operation                        | Name        | Rows  | Bytes | Cost (%CPU)| Time     |
------------------------------------------------------------------------------------------------
|   0 | SELECT STATEMENT                 |             |     1 |    40 |    15  (14)| 00:00:01 |
|*  1 |  COUNT STOPKEY                   |             |       |       |            |          |
|   2 |   VIEW                           |             |     1 |    40 |    15  (14)| 00:00:01 |
|*  3 |    SORT ORDER BY STOPKEY         |             |     1 |    66 |    15  (14)| 00:00:01 |
|   4 |     HASH GROUP BY                |             |     1 |    66 |    15  (14)| 00:00:01 |
|   5 |      NESTED LOOPS                |             |       |       |            |          |

PLAN_TABLE_OUTPUT                                                                                                                                                                                                                                                                                           
------------------------------------------------------------------------------------------------------------------------------------------------------------------------------------------------------------------------------------------------------------------------------------------------------------
|   6 |       NESTED LOOPS               |             |     1 |    66 |    13   (0)| 00:00:01 |
|*  7 |        TABLE ACCESS FULL         | LOG         |     1 |    26 |    13   (0)| 00:00:01 |
|*  8 |        INDEX UNIQUE SCAN         | PK_UZIVATEL |     1 |       |     0   (0)| 00:00:01 |
|   9 |       TABLE ACCESS BY INDEX ROWID| UZIVATEL    |     1 |    40 |     0   (0)| 00:00:01 |
------------------------------------------------------------------------------------------------
 
Predicate Information (identified by operation id):
---------------------------------------------------
 
   1 - filter(ROWNUM<2)
   3 - filter(ROWNUM<2)

PLAN_TABLE_OUTPUT                                                                                                                                                                                                                                                                                           
------------------------------------------------------------------------------------------------------------------------------------------------------------------------------------------------------------------------------------------------------------------------------------------------------------
   7 - filter("L"."TYPE"=1)
   8 - access("U"."UZIVATELID"="L"."USERID")

Unable to gather statistics please ensure user has correct access.
The statistic feature requires that the user is granted select on v_$sesstat, v_$statname and v_$session.

UZIV                                               CLIENTCOUNT
-------------------------------------------------- -----------
blunted619                                                   4
blenching838                                                 2
Almohades819                                                 2
bladelike609                                                 1
antialcoholist854                                            1

Explain Plan
-----------------------------------------------------------

PLAN_TABLE_OUTPUT                                                                                                                                                                                                                                                                                           
------------------------------------------------------------------------------------------------------------------------------------------------------------------------------------------------------------------------------------------------------------------------------------------------------------
Plan hash value: 2196253734
 
-----------------------------------------------------------------------------------------------
| Id  | Operation                       | Name        | Rows  | Bytes | Cost (%CPU)| Time     |
-----------------------------------------------------------------------------------------------
|   0 | SELECT STATEMENT                |             |     1 |    53 |     4  (50)| 00:00:01 |
|   1 |  SORT ORDER BY                  |             |     1 |    53 |     4  (50)| 00:00:01 |
|   2 |   HASH GROUP BY                 |             |     1 |    53 |     4  (50)| 00:00:01 |
|*  3 |    COUNT STOPKEY                |             |       |       |            |          |
|   4 |     NESTED LOOPS                |             |       |       |            |          |
|   5 |      NESTED LOOPS               |             |     1 |    53 |     2   (0)| 00:00:01 |

PLAN_TABLE_OUTPUT                                                                                                                                                                                                                                                                                           
------------------------------------------------------------------------------------------------------------------------------------------------------------------------------------------------------------------------------------------------------------------------------------------------------------
|   6 |       TABLE ACCESS FULL         | CLIENT      |     1 |    13 |     2   (0)| 00:00:01 |
|*  7 |       INDEX UNIQUE SCAN         | PK_UZIVATEL |     1 |       |     0   (0)| 00:00:01 |
|   8 |      TABLE ACCESS BY INDEX ROWID| UZIVATEL    |     1 |    40 |     0   (0)| 00:00:01 |
-----------------------------------------------------------------------------------------------
 
Predicate Information (identified by operation id):
---------------------------------------------------
 
   3 - filter(ROWNUM<11)
   7 - access("U"."UZIVATELID"="UC"."USERID")

Unable to gather statistics please ensure user has correct access.
The statistic feature requires that the user is granted select on v_$sesstat, v_$statname and v_$session.

INVOICETOTAL
------------
            

Explain Plan
-----------------------------------------------------------

PLAN_TABLE_OUTPUT                                                                                                                                                                                                                                                                                           
------------------------------------------------------------------------------------------------------------------------------------------------------------------------------------------------------------------------------------------------------------------------------------------------------------
Plan hash value: 2959758316
 
-----------------------------------------------------------------------------------------------------
| Id  | Operation                     | Name                | Rows  | Bytes | Cost (%CPU)| Time     |
-----------------------------------------------------------------------------------------------------
|   0 | SELECT STATEMENT              |                     |     1 |    70 |     5   (0)| 00:00:01 |
|   1 |  SORT AGGREGATE               |                     |     1 |    70 |            |          |
|   2 |   NESTED LOOPS                |                     |       |       |            |          |
|   3 |    NESTED LOOPS               |                     |     1 |    70 |     5   (0)| 00:00:01 |
|   4 |     MERGE JOIN CARTESIAN      |                     |     1 |    44 |     5   (0)| 00:00:01 |
|   5 |      TABLE ACCESS FULL        | TASKENTRY           |     1 |    31 |     3   (0)| 00:00:01 |

PLAN_TABLE_OUTPUT                                                                                                                                                                                                                                                                                           
------------------------------------------------------------------------------------------------------------------------------------------------------------------------------------------------------------------------------------------------------------------------------------------------------------
|   6 |      BUFFER SORT              |                     |     1 |    13 |     2   (0)| 00:00:01 |
|   7 |       TABLE ACCESS FULL       | INVOICEPROJECTTASKS |     1 |    13 |     2   (0)| 00:00:01 |
|*  8 |     INDEX UNIQUE SCAN         | PK_PROJECTTASK      |     1 |       |     0   (0)| 00:00:01 |
|   9 |    TABLE ACCESS BY INDEX ROWID| PROJECTTASK         |     1 |    26 |     0   (0)| 00:00:01 |
-----------------------------------------------------------------------------------------------------
 
Predicate Information (identified by operation id):
---------------------------------------------------
 
   8 - access("PT"."PROJECTTASKID"="TE"."PROJECTTASKID")
       filter("PT"."PROJECTTASKID"="IPT"."PROJECTTASKID")

Unable to gather statistics please ensure user has correct access.
The statistic feature requires that the user is granted select on v_$sesstat, v_$statname and v_$session.
no rows selected
Explain Plan
-----------------------------------------------------------

PLAN_TABLE_OUTPUT                                                                                                                                                                                                                                                                                           
------------------------------------------------------------------------------------------------------------------------------------------------------------------------------------------------------------------------------------------------------------------------------------------------------------
Plan hash value: 726565332
 
-----------------------------------------------------------------------------------------------------
| Id  | Operation                     | Name                | Rows  | Bytes | Cost (%CPU)| Time     |
-----------------------------------------------------------------------------------------------------
|   0 | SELECT STATEMENT              |                     |     1 |    70 |     6  (17)| 00:00:01 |
|   1 |  HASH GROUP BY                |                     |     1 |    70 |     6  (17)| 00:00:01 |
|   2 |   NESTED LOOPS                |                     |       |       |            |          |
|   3 |    NESTED LOOPS               |                     |     1 |    70 |     5   (0)| 00:00:01 |
|   4 |     MERGE JOIN CARTESIAN      |                     |     1 |    44 |     5   (0)| 00:00:01 |
|   5 |      TABLE ACCESS FULL        | TASKENTRY           |     1 |    31 |     3   (0)| 00:00:01 |

PLAN_TABLE_OUTPUT                                                                                                                                                                                                                                                                                           
------------------------------------------------------------------------------------------------------------------------------------------------------------------------------------------------------------------------------------------------------------------------------------------------------------
|   6 |      BUFFER SORT              |                     |     1 |    13 |     2   (0)| 00:00:01 |
|   7 |       TABLE ACCESS FULL       | INVOICEPROJECTTASKS |     1 |    13 |     2   (0)| 00:00:01 |
|*  8 |     INDEX UNIQUE SCAN         | PK_PROJECTTASK      |     1 |       |     0   (0)| 00:00:01 |
|   9 |    TABLE ACCESS BY INDEX ROWID| PROJECTTASK         |     1 |    26 |     0   (0)| 00:00:01 |
-----------------------------------------------------------------------------------------------------
 
Predicate Information (identified by operation id):
---------------------------------------------------
 
   8 - access("TE"."PROJECTTASKID"="PT"."PROJECTTASKID")
       filter("PT"."PROJECTTASKID"="IPT"."PROJECTTASKID")

Unable to gather statistics please ensure user has correct access.
The statistic feature requires that the user is granted select on v_$sesstat, v_$statname and v_$session.
Autotrace Disabled
